INFO:     Will watch for changes in these directories: ['/home/prithish/DEVHACK_ASAP/Devhack_final/backend']
INFO:     Uvicorn running on http://0.0.0.0:8000 (Press CTRL+C to quit)
INFO:     Started reloader process [236940] using StatReload
INFO:     Started server process [236942]
INFO:     Waiting for application startup.
INFO:     Application startup complete.
ML Models loaded successfully
INFO:     127.0.0.1:47484 - "POST /api/seed-anomaly HTTP/1.1" 200 OK
INFO:     127.0.0.1:47490 - "GET /api/fraud-check HTTP/1.1" 200 OK
WARNING:  StatReload detected changes in 'main.py'. Reloading...
INFO:     Shutting down
INFO:     Waiting for application shutdown.
INFO:     Application shutdown complete.
INFO:     Finished server process [236942]
INFO:     Started server process [239229]
INFO:     Waiting for application startup.
INFO:     Application startup complete.
ML Models loaded successfully
DEBUG: Total transactions fetched: 4991
DEBUG: Anomalies detected by model: 50
DEBUG: Seeded txn found. Prediction: [1]
DEBUG: Features:        amount  amount_zscore  is_weekend  is_round
4990 -50000.0     -19.546947           1         1
INFO:     127.0.0.1:51154 - "GET /api/fraud-check HTTP/1.1" 200 OK
WARNING:  StatReload detected changes in 'main.py'. Reloading...
INFO:     Shutting down
INFO:     Waiting for application shutdown.
INFO:     Application shutdown complete.
INFO:     Finished server process [239229]
INFO:     Started server process [240326]
INFO:     Waiting for application startup.
INFO:     Application startup complete.
ML Models loaded successfully
Fraud check error: 'amount_zscore'
INFO:     127.0.0.1:45948 - "GET /api/fraud-check HTTP/1.1" 200 OK
WARNING:  StatReload detected changes in 'main.py'. Reloading...
INFO:     Shutting down
INFO:     Waiting for application shutdown.
INFO:     Application shutdown complete.
INFO:     Finished server process [240326]
INFO:     Started server process [240893]
INFO:     Waiting for application startup.
INFO:     Application startup complete.
ML Models loaded successfully
INFO:     127.0.0.1:45972 - "GET /api/fraud-check HTTP/1.1" 200 OK
INFO:     127.0.0.1:44702 - "GET /api/fraud-check HTTP/1.1" 200 OK
INFO:     Shutting down
INFO:     Waiting for application shutdown.
INFO:     Application shutdown complete.
INFO:     Finished server process [240893]
INFO:     Stopping reloader process [236940]
